INFO:encore:314 - Created non-GUI application for batch mode execution.
INFO:sim:172 - Generating IP...
Resolving generics for 'addsb_11_0_07ee7685fe6aac24'...
Applying external generics to 'addsb_11_0_07ee7685fe6aac24'...
Delivering associated files for 'addsb_11_0_07ee7685fe6aac24'...
Generating implementation netlist for 'addsb_11_0_07ee7685fe6aac24'...
INFO:sim - Pre-processing HDL files for 'addsb_11_0_07ee7685fe6aac24'...
Running synthesis for 'addsb_11_0_07ee7685fe6aac24'
Running ngcbuild...
Writing VHO instantiation template for 'addsb_11_0_07ee7685fe6aac24'...
Writing VHDL behavioral simulation model for 'addsb_11_0_07ee7685fe6aac24'...
Delivered 3 files into directory
/tmp/sysgentmp-observer/cg_wk/cc61f07ad385d4bb7/tmp/_cg/addsb_11_0_07ee7685fe6aa
c24
Delivered 1 file into directory
/tmp/sysgentmp-observer/cg_wk/cc61f07ad385d4bb7/tmp/_cg/addsb_11_0_07ee7685fe6aa
c24
INFO:sim:949 - Finished generation of ASY schematic symbol.
Generating metadata file...
Generating ISE project file for 'addsb_11_0_07ee7685fe6aac24'...
Generating README file...
Generating FLIST file...
INFO:sim:948 - Finished FLIST file generation.
Moving files to output directory...
Finished moving files to output directory
Saved CGP file for project 'coregen'.
INFO:sim:172 - Generating IP...
Resolving generics for 'bmg_72_a2850c3cf4c038cd'...
Applying external generics to 'bmg_72_a2850c3cf4c038cd'...
Delivering associated files for 'bmg_72_a2850c3cf4c038cd'...
Delivering EJava files for 'bmg_72_a2850c3cf4c038cd'...
Generating implementation netlist for 'bmg_72_a2850c3cf4c038cd'...
INFO:sim - Pre-processing HDL files for 'bmg_72_a2850c3cf4c038cd'...
Running synthesis for 'bmg_72_a2850c3cf4c038cd'
Running ngcbuild...
Writing VHO instantiation template for 'bmg_72_a2850c3cf4c038cd'...
Writing VHDL behavioral simulation model for 'bmg_72_a2850c3cf4c038cd'...
WARNING:sim - No files were found for the view xilinx_documentation
INFO:sim:949 - Finished generation of ASY schematic symbol.
Generating metadata file...
Generating ISE project file for 'bmg_72_a2850c3cf4c038cd'...
Generating README file...
Generating FLIST file...
INFO:sim:948 - Finished FLIST file generation.
Moving files to output directory...
Finished moving files to output directory
Saved CGP file for project 'coregen'.
Saved CGP file for project 'coregen'.
