xlpersistentdff.ngc /home/observer/projects/eovsa/src/fft_wideband_real_core/sysgen/perl_results.vhd cntr_11_0_bae3a24e1f39c949.vhd bmg_33_2d2eeeb828b94e80.ngc bmg_33_f08ed8d923017290.mif bmg_33_e1be7f8591447d79.v bmg_33_9d98a093602ca0e4.vhd cntr_11_0_543058c16dc96a58.vhd dmg_43_4c2af906a9fb6bfd.mif bmg_33_09681c92e065dda4.mif bmg_33_55f78a064571c9b0.v cntr_11_0_95fe48a82a6ccee1.vhd bmg_33_eb334a829612c406.mif bmg_33_b7aed820f80ce287.mif bmg_33_55f78a064571c9b0.ngc cntr_11_0_c800888516b67be5.ngc cntr_11_0_da6de9acc3dc0967.v bmg_33_ccbad9e7653c37d5.mif bmg_33_b7aed820f80ce287.ngc cntr_11_0_ef9db50fe975955e.v bmg_33_7cf121805e7572cc.ngc bmg_33_0805889d6ca9a74e.mif cntr_11_0_b6f65511f3ee01d2.vhd cntr_11_0_238e3cff24df8454.v bmg_33_859211ccdc87ea54.ngc dmg_43_0ab1440d274234e9.mif bmg_33_d14b03a36f18dd46.mif bmg_33_e1be7f8591447d79.ngc cntr_11_0_b1551b128b7cb927.ngc cntr_11_0_2cd0a8484d4d002d.vhd dmg_43_6295a3007e518f01.vhd bmg_33_452a0977f97e6048.ngc bmg_33_4fe2a37f7087035d.vhd bmg_33_407dab803726e969.v cntr_11_0_b1551b128b7cb927.v bmg_33_38a64c7a551bb977.ngc bmg_33_f08ed8d923017290.vhd cntr_11_0_8e7b9e3e5e7c443c.v bmg_33_859211ccdc87ea54.mif bmg_33_764dd2d9d2256da6.v cntr_11_0_1eb1abd277b5ed91.vhd cntr_11_0_cdf7bb2ee1fd8802.vhd bmg_33_09681c92e065dda4.ngc bmg_33_80823b94d01efd46.ngc bmg_33_d28f72fe6cf5c024.v bmg_33_859211ccdc87ea54.v bmg_33_9d98a093602ca0e4.mif bmg_33_d9c93b1284ba91ff.mif dmg_43_0ab1440d274234e9.v dmg_43_2390721a2deaa625.mif bmg_33_11dcddc4415b1a61.vhd bmg_33_b7aed820f80ce287.vhd cntr_11_0_8e7b9e3e5e7c443c.ngc bmg_33_21ca4c06e10fd7d0.mif cntr_11_0_ae2e18455fff317c.v cntr_11_0_238e3cff24df8454.ngc bmg_33_4fe2a37f7087035d.v cntr_11_0_ae2e18455fff317c.ngc cntr_11_0_1eb1abd277b5ed91.ngc bmg_33_4fe2a37f7087035d.ngc cntr_11_0_da6de9acc3dc0967.ngc cntr_11_0_ee489430a3e4799a.vhd cntr_11_0_1eb1abd277b5ed91.v bmg_33_d28f72fe6cf5c024.mif bmg_33_80823b94d01efd46.vhd bmg_33_452a0977f97e6048.v cntr_11_0_bae3a24e1f39c949.ngc bmg_33_859211ccdc87ea54.vhd bmg_33_407dab803726e969.ngc bmg_33_01c5b2878838b56f.ngc cntr_11_0_c800888516b67be5.v cntr_11_0_cdf7bb2ee1fd8802.ngc bmg_33_8972a00a58d53df2.vhd cntr_11_0_f08089209e1feefd.ngc dmg_43_9eb5145f86f85d4c.v bmg_33_0805889d6ca9a74e.vhd bmg_33_09681c92e065dda4.v cntr_11_0_da6de9acc3dc0967.vhd bmg_33_9d98a093602ca0e4.ngc bmg_33_20e717c89c14bf34.vhd cntr_11_0_ee489430a3e4799a.ngc bmg_33_38a64c7a551bb977.mif bmg_33_d9c93b1284ba91ff.v bmg_33_8972a00a58d53df2.v cntr_11_0_ee489430a3e4799a.v dmg_43_9b60decaec7893b3.v bmg_33_2d2eeeb828b94e80.v cntr_11_0_b6f65511f3ee01d2.ngc cntr_11_0_02d2d7164ce2e2af.ngc cntr_11_0_e0a92afaaa4ca477.v bmg_33_f08ed8d923017290.v cntr_11_0_ae2e18455fff317c.vhd cntr_11_0_f35b922de1faa997.ngc bmg_33_21ca4c06e10fd7d0.ngc bmg_33_11bc2c3f0146b817.v bmg_33_09681c92e065dda4.vhd bmg_33_764dd2d9d2256da6.ngc bmg_33_1f0e3aab9b54b7b7.mif cntr_11_0_cdf7bb2ee1fd8802.v bmg_33_d28f72fe6cf5c024.ngc bmg_33_32cbeeec23b2f4b8.mif bmg_33_2ebc23f2386fc448.mif bmg_33_80823b94d01efd46.mif dmg_43_0ab1440d274234e9.ngc dmg_43_9eb5145f86f85d4c.mif bmg_33_7cf121805e7572cc.v cntr_11_0_c800888516b67be5.vhd bmg_33_20e717c89c14bf34.v bmg_33_01c5b2878838b56f.v dmg_43_6295a3007e518f01.v cntr_11_0_b1551b128b7cb927.vhd bmg_33_2d2eeeb828b94e80.vhd bmg_33_764dd2d9d2256da6.mif bmg_33_452a0977f97e6048.vhd bmg_33_d22f2f04a8171e96.v bmg_33_764dd2d9d2256da6.vhd cntr_11_0_f35b922de1faa997.vhd cntr_11_0_02d2d7164ce2e2af.v bmg_33_01c5b2878838b56f.vhd cntr_11_0_b0b0893123e728ad.vhd dmg_43_4c2af906a9fb6bfd.ngc bmg_33_32cbeeec23b2f4b8.ngc bmg_33_7cf121805e7572cc.vhd bmg_33_e1be7f8591447d79.mif dmg_43_9b60decaec7893b3.mif bmg_33_d14b03a36f18dd46.ngc cntr_11_0_f08089209e1feefd.vhd cntr_11_0_f35b922de1faa997.v dmg_43_9b60decaec7893b3.vhd bmg_33_1f0e3aab9b54b7b7.v bmg_33_11dcddc4415b1a61.v cntr_11_0_2680eac63530f805.vhd bmg_33_55f78a064571c9b0.vhd dmg_43_4c2af906a9fb6bfd.vhd dmg_43_2390721a2deaa625.ngc cntr_11_0_80e7f1b9487d031c.v cntr_11_0_ef9db50fe975955e.vhd cntr_11_0_95fe48a82a6ccee1.v cntr_11_0_e0a92afaaa4ca477.ngc dmg_43_9eb5145f86f85d4c.vhd dmg_43_0ab1440d274234e9.vhd bmg_33_7cf121805e7572cc.mif bmg_33_d22f2f04a8171e96.vhd bmg_33_d14b03a36f18dd46.v cntr_11_0_2680eac63530f805.ngc bmg_33_4fe2a37f7087035d.mif cntr_11_0_2cd0a8484d4d002d.ngc bmg_33_80823b94d01efd46.v bmg_33_20e717c89c14bf34.mif cntr_11_0_b0b0893123e728ad.ngc bmg_33_1f0e3aab9b54b7b7.vhd cntr_11_0_ef9db50fe975955e.ngc bmg_33_0805889d6ca9a74e.v bmg_33_d22f2f04a8171e96.ngc bmg_33_32cbeeec23b2f4b8.vhd bmg_33_d9c93b1284ba91ff.ngc bmg_33_eb334a829612c406.ngc bmg_33_11dcddc4415b1a61.ngc bmg_33_11bc2c3f0146b817.mif cntr_11_0_80e7f1b9487d031c.vhd bmg_33_452a0977f97e6048.mif bmg_33_2d2eeeb828b94e80.mif bmg_33_32cbeeec23b2f4b8.v cntr_11_0_e0a92afaaa4ca477.vhd bmg_33_11dcddc4415b1a61.mif bmg_33_01c5b2878838b56f.mif bmg_33_55f78a064571c9b0.mif bmg_33_d9c93b1284ba91ff.vhd cntr_11_0_2680eac63530f805.v cntr_11_0_95fe48a82a6ccee1.ngc bmg_33_d14b03a36f18dd46.vhd bmg_33_9d98a093602ca0e4.v dmg_43_4c2af906a9fb6bfd.v bmg_33_8972a00a58d53df2.mif bmg_33_2ebc23f2386fc448.v bmg_33_21ca4c06e10fd7d0.v bmg_33_11bc2c3f0146b817.vhd cntr_11_0_238e3cff24df8454.vhd bmg_33_d28f72fe6cf5c024.vhd cntr_11_0_b0b0893123e728ad.v dmg_43_2390721a2deaa625.v cntr_11_0_2cd0a8484d4d002d.v cntr_11_0_8e7b9e3e5e7c443c.vhd bmg_33_11bc2c3f0146b817.ngc bmg_33_21ca4c06e10fd7d0.vhd bmg_33_b7aed820f80ce287.v bmg_33_1f0e3aab9b54b7b7.ngc bmg_33_2ebc23f2386fc448.vhd dmg_43_6295a3007e518f01.mif cntr_11_0_80e7f1b9487d031c.ngc bmg_33_8972a00a58d53df2.ngc bmg_33_2ebc23f2386fc448.ngc dmg_43_9eb5145f86f85d4c.ngc cntr_11_0_02d2d7164ce2e2af.vhd cntr_11_0_bae3a24e1f39c949.v bmg_33_38a64c7a551bb977.v bmg_33_ccbad9e7653c37d5.v cntr_11_0_543058c16dc96a58.v bmg_33_f08ed8d923017290.ngc bmg_33_eb334a829612c406.v bmg_33_e1be7f8591447d79.vhd bmg_33_eb334a829612c406.vhd dmg_43_2390721a2deaa625.vhd bmg_33_0805889d6ca9a74e.ngc bmg_33_407dab803726e969.vhd bmg_33_ccbad9e7653c37d5.vhd dmg_43_6295a3007e518f01.ngc bmg_33_d22f2f04a8171e96.mif bmg_33_ccbad9e7653c37d5.ngc cntr_11_0_b6f65511f3ee01d2.v dmg_43_9b60decaec7893b3.ngc bmg_33_20e717c89c14bf34.ngc bmg_33_38a64c7a551bb977.vhd cntr_11_0_f08089209e1feefd.v bmg_33_407dab803726e969.mif cntr_11_0_543058c16dc96a58.ngc nonleaf_results.vhd synopsis
opened file fft_wideband_real_core.vhd
copied cntr_11_0_bae3a24e1f39c949.vhd
copied bmg_33_9d98a093602ca0e4.vhd
copied cntr_11_0_543058c16dc96a58.vhd
copied cntr_11_0_95fe48a82a6ccee1.vhd
copied cntr_11_0_b6f65511f3ee01d2.vhd
copied cntr_11_0_2cd0a8484d4d002d.vhd
copied dmg_43_6295a3007e518f01.vhd
copied bmg_33_4fe2a37f7087035d.vhd
copied bmg_33_f08ed8d923017290.vhd
copied cntr_11_0_1eb1abd277b5ed91.vhd
copied cntr_11_0_cdf7bb2ee1fd8802.vhd
copied bmg_33_11dcddc4415b1a61.vhd
copied bmg_33_b7aed820f80ce287.vhd
copied cntr_11_0_ee489430a3e4799a.vhd
copied bmg_33_80823b94d01efd46.vhd
copied bmg_33_859211ccdc87ea54.vhd
copied bmg_33_8972a00a58d53df2.vhd
copied bmg_33_0805889d6ca9a74e.vhd
copied cntr_11_0_da6de9acc3dc0967.vhd
copied bmg_33_20e717c89c14bf34.vhd
copied cntr_11_0_ae2e18455fff317c.vhd
copied bmg_33_09681c92e065dda4.vhd
copied cntr_11_0_c800888516b67be5.vhd
copied cntr_11_0_b1551b128b7cb927.vhd
copied bmg_33_2d2eeeb828b94e80.vhd
copied bmg_33_452a0977f97e6048.vhd
copied bmg_33_764dd2d9d2256da6.vhd
copied cntr_11_0_f35b922de1faa997.vhd
copied bmg_33_01c5b2878838b56f.vhd
copied cntr_11_0_b0b0893123e728ad.vhd
copied bmg_33_7cf121805e7572cc.vhd
copied cntr_11_0_f08089209e1feefd.vhd
copied dmg_43_9b60decaec7893b3.vhd
copied cntr_11_0_2680eac63530f805.vhd
copied bmg_33_55f78a064571c9b0.vhd
copied dmg_43_4c2af906a9fb6bfd.vhd
copied cntr_11_0_ef9db50fe975955e.vhd
copied dmg_43_9eb5145f86f85d4c.vhd
copied dmg_43_0ab1440d274234e9.vhd
copied bmg_33_d22f2f04a8171e96.vhd
copied bmg_33_1f0e3aab9b54b7b7.vhd
copied bmg_33_32cbeeec23b2f4b8.vhd
copied cntr_11_0_80e7f1b9487d031c.vhd
copied cntr_11_0_e0a92afaaa4ca477.vhd
copied bmg_33_d9c93b1284ba91ff.vhd
copied bmg_33_d14b03a36f18dd46.vhd
copied bmg_33_11bc2c3f0146b817.vhd
copied cntr_11_0_238e3cff24df8454.vhd
copied bmg_33_d28f72fe6cf5c024.vhd
copied cntr_11_0_8e7b9e3e5e7c443c.vhd
copied bmg_33_21ca4c06e10fd7d0.vhd
copied bmg_33_2ebc23f2386fc448.vhd
copied cntr_11_0_02d2d7164ce2e2af.vhd
copied bmg_33_e1be7f8591447d79.vhd
copied bmg_33_eb334a829612c406.vhd
copied dmg_43_2390721a2deaa625.vhd
copied bmg_33_407dab803726e969.vhd
copied bmg_33_ccbad9e7653c37d5.vhd
copied bmg_33_38a64c7a551bb977.vhd
copied /home/observer/projects/eovsa/src/fft_wideband_real_core/sysgen/perl_results.vhd
copied nonleaf_results.vhd
