xlpersistentdff.ngc /home/observer/projects/eovsa-corr/src/pfb_fir_real_core/sysgen/perl_results.vhd bmg_72_967630e6b2a5c300.mif addsb_11_0_f65c3b4ad8785c13.ngc bmg_72_9be7d465d5eaaba3.mif bmg_72_95650c95bb98bfbd.ngc bmg_72_48aecbcc669a19be.mif bmg_72_967630e6b2a5c300.vhd addsb_11_0_f65c3b4ad8785c13.vhd cntr_11_0_9f2a2f53426c6ba5.ngc bmg_72_2eec44623d367658.vhd bmg_72_2e28d8b7ce374e24.mif bmg_72_0ebe52f0796e6018.ngc bmg_72_e0b3efafc42ce43e.vhd bmg_72_48aecbcc669a19be.vhd bmg_72_9628accf375c9240.ngc bmg_72_912f853d170eb76f.ngc cntr_11_0_bf568bdf3cd9f9c7.ngc bmg_72_0ebe52f0796e6018.mif bmg_72_246e222abe66c216.vhd bmg_72_246e222abe66c216.ngc bmg_72_3e05483b044fa88c.vhd bmg_72_2eec44623d367658.mif bmg_72_3fc848ca6f2fb3e5.mif bmg_72_e0b3efafc42ce43e.ngc bmg_72_0982e05b26d41eef.vhd bmg_72_9628accf375c9240.vhd cntr_11_0_9f2a2f53426c6ba5.vhd bmg_72_912f853d170eb76f.mif bmg_72_654583903c8e8194.ngc bmg_72_0982e05b26d41eef.mif bmg_72_654583903c8e8194.vhd bmg_72_912f853d170eb76f.vhd cntr_11_0_bf568bdf3cd9f9c7.vhd bmg_72_b69451ed038a8d73.ngc bmg_72_9be7d465d5eaaba3.vhd bmg_72_3e05483b044fa88c.ngc bmg_72_0982e05b26d41eef.ngc bmg_72_3fc848ca6f2fb3e5.vhd bmg_72_b69451ed038a8d73.vhd bmg_72_0ebe52f0796e6018.vhd bmg_72_e0b3efafc42ce43e.mif bmg_72_48aecbcc669a19be.ngc bmg_72_967630e6b2a5c300.ngc bmg_72_2e28d8b7ce374e24.ngc bmg_72_c7aab016f93a6382.ngc bmg_72_2eec44623d367658.ngc bmg_72_3fc848ca6f2fb3e5.ngc bmg_72_c7aab016f93a6382.vhd bmg_72_c7aab016f93a6382.mif bmg_72_9be7d465d5eaaba3.ngc bmg_72_3e05483b044fa88c.mif bmg_72_9628accf375c9240.mif bmg_72_b69451ed038a8d73.mif bmg_72_95650c95bb98bfbd.mif bmg_72_95650c95bb98bfbd.vhd bmg_72_2e28d8b7ce374e24.vhd bmg_72_246e222abe66c216.mif bmg_72_654583903c8e8194.mif nonleaf_results.vhd synopsis
opened file pfb_fir_real_core.vhd
copied bmg_72_967630e6b2a5c300.vhd
copied addsb_11_0_f65c3b4ad8785c13.vhd
copied bmg_72_2eec44623d367658.vhd
copied bmg_72_e0b3efafc42ce43e.vhd
copied bmg_72_48aecbcc669a19be.vhd
copied bmg_72_246e222abe66c216.vhd
copied bmg_72_3e05483b044fa88c.vhd
copied bmg_72_0982e05b26d41eef.vhd
copied bmg_72_9628accf375c9240.vhd
copied cntr_11_0_9f2a2f53426c6ba5.vhd
copied bmg_72_654583903c8e8194.vhd
copied bmg_72_912f853d170eb76f.vhd
copied cntr_11_0_bf568bdf3cd9f9c7.vhd
copied bmg_72_9be7d465d5eaaba3.vhd
copied bmg_72_3fc848ca6f2fb3e5.vhd
copied bmg_72_b69451ed038a8d73.vhd
copied bmg_72_0ebe52f0796e6018.vhd
copied bmg_72_c7aab016f93a6382.vhd
copied bmg_72_95650c95bb98bfbd.vhd
copied bmg_72_2e28d8b7ce374e24.vhd
copied /home/observer/projects/eovsa-corr/src/pfb_fir_real_core/sysgen/perl_results.vhd
copied nonleaf_results.vhd
